2024-09-17 04:42:50,209 ERROR frappe New Exception collected in error log
Site: airplane_mode.com
Form Dict: {'data': '{"passenger":"1","flight":"indogo-001-{MM-YYYY}-00002","flight_price":0,"doctype":"Airplane Ticket","web_form_name":"ticket-booking"}', 'web_form': 'ticket-booking', 'for_payment': 'false', 'cmd': 'frappe.website.doctype.web_form.web_form.accept'}
2024-09-17 04:42:52,097 ERROR frappe New Exception collected in error log
Site: airplane_mode.com
Form Dict: {'data': '{"passenger":"1","flight":"indogo-001-{MM-YYYY}-00002","flight_price":0,"doctype":"Airplane Ticket","web_form_name":"ticket-booking"}', 'web_form': 'ticket-booking', 'for_payment': 'false', 'cmd': 'frappe.website.doctype.web_form.web_form.accept'}
2024-09-17 04:42:54,992 ERROR frappe New Exception collected in error log
Site: airplane_mode.com
Form Dict: {'data': '{"passenger":"1","flight":"indogo-001-{MM-YYYY}-00002","flight_price":0,"doctype":"Airplane Ticket","web_form_name":"ticket-booking"}', 'web_form': 'ticket-booking', 'for_payment': 'false', 'cmd': 'frappe.website.doctype.web_form.web_form.accept'}
2024-09-17 04:42:57,754 ERROR frappe New Exception collected in error log
Site: airplane_mode.com
Form Dict: {'data': '{"passenger":"1","flight":"indogo-001-{MM-YYYY}-00002","flight_price":0,"doctype":"Airplane Ticket","web_form_name":"ticket-booking"}', 'web_form': 'ticket-booking', 'for_payment': 'false', 'cmd': 'frappe.website.doctype.web_form.web_form.accept'}
2024-09-17 04:46:26,401 ERROR frappe New Exception collected in error log
Site: airplane_mode.com
Form Dict: {'data': '{"passenger":"1","flight":"indogo-001-{MM-YY}-00003","flight_price":0,"doctype":"Airplane Ticket","web_form_name":"ticket-booking"}', 'web_form': 'ticket-booking', 'for_payment': 'false', 'cmd': 'frappe.website.doctype.web_form.web_form.accept'}
2024-09-17 04:46:28,092 ERROR frappe New Exception collected in error log
Site: airplane_mode.com
Form Dict: {'data': '{"passenger":"1","flight":"indogo-001-{MM-YY}-00003","flight_price":0,"doctype":"Airplane Ticket","web_form_name":"ticket-booking"}', 'web_form': 'ticket-booking', 'for_payment': 'false', 'cmd': 'frappe.website.doctype.web_form.web_form.accept'}
2024-09-17 04:46:35,209 ERROR frappe New Exception collected in error log
Site: airplane_mode.com
Form Dict: {'data': '{"passenger":"1","flight":"indogo-001-{MM-YY}-00003","flight_price":0,"doctype":"Airplane Ticket","web_form_name":"ticket-booking"}', 'web_form': 'ticket-booking', 'for_payment': 'false', 'cmd': 'frappe.website.doctype.web_form.web_form.accept'}
2024-09-17 05:15:33,513 ERROR frappe New Exception collected in error log
Site: airplane_mode.com
Form Dict: {'doc': '{"docstatus":0,"doctype":"Airplane Ticket","name":"new-airplane-ticket-amxiffkfow","__islocal":1,"__unsaved":1,"owner":"Administrator","table_qemj":[{"docstatus":0,"doctype":"Airplane Ticket Add-on Item","name":"new-airplane-ticket-add-on-item-quynikeafn","__islocal":1,"__unsaved":1,"owner":"Administrator","parent":"new-airplane-ticket-amxiffkfow","parentfield":"table_qemj","parenttype":"Airplane Ticket","idx":1,"__unedited":false,"item":"food"}],"status":"Booked","passenger":1,"source_airport_code":"NGP","destination_airport_code":"MUB","departure_date":"2024-09-24","departure_time":"4:17:09","duration_of_flight":3600,"flight":"indogo-001-{MM-YY}-00003","flight_price":58666}', 'action': 'Save', 'cmd': 'frappe.desk.form.save.savedocs'}
2024-09-17 05:16:42,690 ERROR frappe New Exception collected in error log
Site: airplane_mode.com
Form Dict: {'doc': '{"docstatus":0,"doctype":"Airplane Ticket","name":"new-airplane-ticket-ksosmajzvw","__islocal":1,"__unsaved":1,"owner":"Administrator","table_qemj":[{"docstatus":0,"doctype":"Airplane Ticket Add-on Item","name":"new-airplane-ticket-add-on-item-gykmrixrjn","__islocal":1,"__unsaved":1,"owner":"Administrator","parent":"new-airplane-ticket-ksosmajzvw","parentfield":"table_qemj","parenttype":"Airplane Ticket","idx":1,"__unedited":false,"item":"food"}],"status":"Booked","passenger":1,"source_airport_code":"NGP","destination_airport_code":"MUB","departure_date":"2024-09-24","departure_time":"4:17:09","duration_of_flight":3600,"flight":"indogo-001-{MM-YY}-00003","flight_price":473799}', 'action': 'Save', 'cmd': 'frappe.desk.form.save.savedocs'}
2024-09-17 05:32:22,737 ERROR frappe New Exception collected in error log
Site: airplane_mode.com
Form Dict: {'data': '{"passenger":"1","flight":"indogo-001-09-2024-00005","doctype":"Airplane Ticket","web_form_name":"ticket-booking"}', 'web_form': 'ticket-booking', 'for_payment': 'false', 'cmd': 'frappe.website.doctype.web_form.web_form.accept'}
2024-09-17 05:35:48,046 ERROR frappe New Exception collected in error log
Site: airplane_mode.com
Form Dict: {'data': '{"passenger":"1","flight":"indogo-001-{MM-YYYY}-00002","doctype":"Airplane Ticket","web_form_name":"ticket-booking"}', 'web_form': 'ticket-booking', 'for_payment': 'false', 'cmd': 'frappe.website.doctype.web_form.web_form.accept'}
2024-09-17 05:39:14,972 ERROR frappe New Exception collected in error log
Site: airplane_mode.com
Form Dict: {'data': '{"passenger":"1","flight":"indogo-001-09-2024-00005","doctype":"Airplane Ticket","web_form_name":"ticket-booking"}', 'web_form': 'ticket-booking', 'for_payment': 'false', 'cmd': 'frappe.website.doctype.web_form.web_form.accept'}
2024-09-17 05:43:06,203 ERROR frappe New Exception collected in error log
Site: airplane_mode.com
Form Dict: {'data': '{"passenger":"1","flight":"indogo-001-09-2024-00005","doctype":"Airplane Ticket","web_form_name":"ticket-booking"}', 'web_form': 'ticket-booking', 'for_payment': 'false', 'cmd': 'frappe.website.doctype.web_form.web_form.accept'}
2024-09-17 07:42:27,112 ERROR frappe New Exception collected in error log
Site: airplane_mode.com
Form Dict: {'doc': '{"docstatus":0,"doctype":"Flight Passenger","name":"new-flight-passenger-zljpduwheu","__islocal":1,"__unsaved":1,"owner":"Administrator","first_name":"yugan","last_name":"d","date_of_birth":"2024-09-01"}', 'action': 'Save', 'cmd': 'frappe.desk.form.save.savedocs'}
2024-09-17 07:42:41,981 ERROR frappe New Exception collected in error log
Site: airplane_mode.com
Form Dict: {'doc': '{"docstatus":0,"doctype":"Flight Passenger","name":"new-flight-passenger-zljpduwheu","__islocal":1,"__unsaved":1,"owner":"Administrator","first_name":"yugan","last_name":"d","date_of_birth":"2024-09-01"}', 'action': 'Save', 'cmd': 'frappe.desk.form.save.savedocs'}
2024-09-19 02:41:19,423 ERROR frappe New Exception collected in error log
Site: airplane_mode.com
Form Dict: {'report_name': 'Add-on Popularity', 'filters': '{}', 'ignore_prepared_report': 'false', 'are_default_filters': 'true', 'cmd': 'frappe.desk.query_report.run'}
2024-09-19 02:42:36,494 ERROR frappe New Exception collected in error log
Site: airplane_mode.com
Form Dict: {'doc': '{"name":"indogo-001-09-2024-00005-NGP-to-MUB-006","owner":"Administrator","creation":"2024-09-17 05:56:36.633913","modified":"2024-09-17 05:56:36.633913","modified_by":"Administrator","docstatus":0,"idx":0,"passenger":"1","source_airport_code":"NGP","destination_airport_code":"MUB","flight":"indogo-001-09-2024-00005","departure_date":"2024-09-25","departure_time":"5:09:21","duration_of_flight":3600,"flight_price":40597,"total_amount":40597,"status":"Booked","doctype":"Airplane Ticket","add_ons":[{"docstatus":0,"doctype":"Airplane Ticket Add-on Item","name":"new-airplane-ticket-add-on-item-nrvgvypqyn","__islocal":1,"__unsaved":1,"owner":"Administrator","parent":"indogo-001-09-2024-00005-NGP-to-MUB-006","parentfield":"add_ons","parenttype":"Airplane Ticket","idx":1,"__unedited":false,"item":"food"}],"__last_sync_on":"2024-09-18T21:12:15.153Z","__unsaved":1}', 'action': 'Save', 'cmd': 'frappe.desk.form.save.savedocs'}
2024-09-23 19:36:43,642 ERROR frappe New Exception collected in error log
Site: airplane_mode.com
Form Dict: {'report_name': 'Revenue By Airline', 'filters': '{}', 'ignore_prepared_report': 'false', 'are_default_filters': 'true', 'cmd': 'frappe.desk.query_report.run'}
2024-09-23 19:42:21,994 ERROR frappe New Exception collected in error log
Site: airplane_mode.com
Form Dict: {'report_name': 'Revenue By Airline', 'filters': '{}', 'ignore_prepared_report': 'false', 'are_default_filters': 'true', 'cmd': 'frappe.desk.query_report.run'}
2024-09-23 19:44:27,116 ERROR frappe New Exception collected in error log
Site: airplane_mode.com
Form Dict: {'report_name': 'Revenue By Airline', 'filters': '{}', 'ignore_prepared_report': 'false', 'are_default_filters': 'true', 'cmd': 'frappe.desk.query_report.run'}
2024-09-23 19:46:50,532 ERROR frappe New Exception collected in error log
Site: airplane_mode.com
Form Dict: {'report_name': 'Revenue By Airline', 'filters': '{}', 'ignore_prepared_report': 'false', 'are_default_filters': 'true', 'cmd': 'frappe.desk.query_report.run'}
2024-09-23 19:47:40,679 ERROR frappe New Exception collected in error log
Site: airplane_mode.com
Form Dict: {'report_name': 'Revenue By Airline', 'filters': '{}', 'ignore_prepared_report': 'false', 'are_default_filters': 'true', 'cmd': 'frappe.desk.query_report.run'}
2024-09-23 19:48:23,035 ERROR frappe New Exception collected in error log
Site: airplane_mode.com
Form Dict: {'report_name': 'Revenue By Airline', 'filters': '{}', 'ignore_prepared_report': 'false', 'are_default_filters': 'true', 'cmd': 'frappe.desk.query_report.run'}
2024-09-23 19:49:13,343 ERROR frappe New Exception collected in error log
Site: airplane_mode.com
Form Dict: {'report_name': 'Revenue By Airline', 'filters': '{}', 'ignore_prepared_report': 'false', 'are_default_filters': 'true', 'cmd': 'frappe.desk.query_report.run'}
2024-09-23 19:54:31,986 ERROR frappe New Exception collected in error log
Site: airplane_mode.com
Form Dict: {'report_name': 'Revenue By Airline', 'filters': '{}', 'ignore_prepared_report': 'false', 'are_default_filters': 'true', 'cmd': 'frappe.desk.query_report.run'}
2024-09-23 19:55:05,465 ERROR frappe New Exception collected in error log
Site: airplane_mode.com
Form Dict: {'report_name': 'Revenue By Airline', 'filters': '{}', 'ignore_prepared_report': 'false', 'are_default_filters': 'true', 'cmd': 'frappe.desk.query_report.run'}
2024-09-24 03:55:09,406 ERROR frappe New Exception collected in error log
Site: airplane_mode.com
Form Dict: {'report_name': 'Revenue By Airline', 'filters': '{}', 'ignore_prepared_report': 'false', 'are_default_filters': 'true', 'cmd': 'frappe.desk.query_report.run'}
2024-09-24 04:02:08,452 ERROR frappe New Exception collected in error log
Site: airplane_mode.com
Form Dict: {'report_name': 'Add-on Popularity', 'filters': '{}', 'ignore_prepared_report': 'false', 'are_default_filters': 'true', 'cmd': 'frappe.desk.query_report.run'}
2024-09-24 04:03:00,487 ERROR frappe New Exception collected in error log
Site: airplane_mode.com
Form Dict: {'report_name': 'Add-on Popularity', 'filters': '{}', 'ignore_prepared_report': 'false', 'are_default_filters': 'true', 'cmd': 'frappe.desk.query_report.run'}
2024-09-24 06:30:12,668 ERROR frappe New Exception collected in error log
Site: airplane_mode.com
Form Dict: {'doc': '{"docstatus":0,"doctype":"Airplane Ticket","name":"new-airplane-ticket-dgtgogwohl","__islocal":1,"__unsaved":1,"owner":"Administrator","add_ons":[{"docstatus":0,"doctype":"Airplane Ticket Add-on Item","name":"new-airplane-ticket-add-on-item-hsazsqjwvb","__islocal":1,"__unsaved":1,"owner":"Administrator","parent":"new-airplane-ticket-dgtgogwohl","parentfield":"add_ons","parenttype":"Airplane Ticket","idx":1,"__unedited":false,"item":"food"}],"status":"Booked","passenger":4,"source_airport_code":"MUB","destination_airport_code":"NGP","departure_date":"2024-09-17","departure_time":"2:01:22","duration_of_flight":7200,"flight":"indogo-001-{MM-YYYY}-00002","flight_price":345787}', 'action': 'Save', 'cmd': 'frappe.desk.form.save.savedocs'}
2024-09-24 15:48:56,022 ERROR frappe New Exception collected in error log
Site: airplane_mode.com
Form Dict: {'doc': '{"docstatus":0,"doctype":"Airplane Ticket","name":"new-airplane-ticket-zovnsfmmfz","__islocal":1,"__unsaved":1,"owner":"Administrator","add_ons":[{"docstatus":0,"doctype":"Airplane Ticket Add-on Item","name":"new-airplane-ticket-add-on-item-pjdoknvagd","__islocal":1,"__unsaved":1,"owner":"Administrator","parent":"new-airplane-ticket-zovnsfmmfz","parentfield":"add_ons","parenttype":"Airplane Ticket","idx":1,"__unedited":false,"item":"food"}],"status":"Booked","passenger":4,"source_airport_code":"MUB","destination_airport_code":"NGP","departure_date":"2024-09-17","departure_time":"2:01:22","duration_of_flight":7200,"flight":"indogo-001-{MM-YYYY}-00002","flight_price":65849}', 'action': 'Save', 'cmd': 'frappe.desk.form.save.savedocs'}
2024-09-24 16:01:03,559 ERROR frappe New Exception collected in error log
Site: airplane_mode.com
Form Dict: {'doc': '{"docstatus":0,"doctype":"Airplane Ticket","name":"new-airplane-ticket-zovnsfmmfz","__islocal":1,"__unsaved":1,"owner":"Administrator","add_ons":[{"docstatus":0,"doctype":"Airplane Ticket Add-on Item","name":"new-airplane-ticket-add-on-item-pjdoknvagd","__islocal":1,"__unsaved":1,"owner":"Administrator","parent":"new-airplane-ticket-zovnsfmmfz","parentfield":"add_ons","parenttype":"Airplane Ticket","idx":1,"__unedited":false,"item":"food"}],"status":"Booked","passenger":4,"source_airport_code":"MUB","destination_airport_code":"NGP","departure_date":"2024-09-17","departure_time":"2:01:22","duration_of_flight":7200,"flight":"indogo-001-{MM-YYYY}-00002","flight_price":65849}', 'action': 'Save', 'cmd': 'frappe.desk.form.save.savedocs'}
2024-09-27 11:00:23,418 ERROR frappe New Exception collected in error log
Site: airplane_mode.com
Form Dict: {'doc': '{"docstatus":0,"doctype":"Airplane Ticket","name":"new-airplane-ticket-vfjwrpifgw","__islocal":1,"__unsaved":1,"owner":"Administrator","add_ons":[{"docstatus":0,"doctype":"Airplane Ticket Add-on Item","name":"new-airplane-ticket-add-on-item-jbskneugzk","__islocal":1,"__unsaved":1,"owner":"Administrator","parent":"new-airplane-ticket-vfjwrpifgw","parentfield":"add_ons","parenttype":"Airplane Ticket","idx":1,"__unedited":false,"item":"food"},{"docstatus":0,"doctype":"Airplane Ticket Add-on Item","name":"new-airplane-ticket-add-on-item-kdgwfnktcq","__islocal":1,"__unsaved":1,"owner":"Administrator","parent":"new-airplane-ticket-vfjwrpifgw","parentfield":"add_ons","parenttype":"Airplane Ticket","idx":2,"__unedited":false,"item":"food"}],"status":"Booked","passenger":1,"source_airport_code":"NGP","destination_airport_code":"MUB","departure_date":"2024-09-27","departure_time":"19:18:46","duration_of_flight":3600,"flight":"indogo-001-09-2024-00007","flight_price":7000}', 'action': 'Save', 'cmd': 'frappe.desk.form.save.savedocs'}
2024-09-27 11:01:43,393 ERROR frappe New Exception collected in error log
Site: airplane_mode.com
Form Dict: {'doc': '{"docstatus":0,"doctype":"Airplane Ticket","name":"new-airplane-ticket-vfjwrpifgw","__islocal":1,"__unsaved":1,"owner":"Administrator","add_ons":[{"docstatus":0,"doctype":"Airplane Ticket Add-on Item","name":"new-airplane-ticket-add-on-item-jbskneugzk","__islocal":1,"__unsaved":1,"owner":"Administrator","parent":"new-airplane-ticket-vfjwrpifgw","parentfield":"add_ons","parenttype":"Airplane Ticket","idx":1,"__unedited":false,"item":"food"},{"docstatus":0,"doctype":"Airplane Ticket Add-on Item","name":"new-airplane-ticket-add-on-item-kdgwfnktcq","__islocal":1,"__unsaved":1,"owner":"Administrator","parent":"new-airplane-ticket-vfjwrpifgw","parentfield":"add_ons","parenttype":"Airplane Ticket","idx":2,"__unedited":false,"item":"food"}],"status":"Booked","passenger":1,"source_airport_code":"NGP","destination_airport_code":"MUB","departure_date":"2024-09-27","departure_time":"19:18:46","duration_of_flight":3600,"flight":"indogo-001-09-2024-00007","flight_price":7000}', 'action': 'Save', 'cmd': 'frappe.desk.form.save.savedocs'}
2024-09-27 11:03:31,825 ERROR frappe New Exception collected in error log
Site: airplane_mode.com
Form Dict: {'doc': '{"docstatus":0,"doctype":"Airplane Ticket","name":"new-airplane-ticket-ibfrxpizxb","__islocal":1,"__unsaved":1,"owner":"Administrator","add_ons":[{"docstatus":0,"doctype":"Airplane Ticket Add-on Item","name":"new-airplane-ticket-add-on-item-yerdjxzzvp","__islocal":1,"__unsaved":1,"owner":"Administrator","parent":"new-airplane-ticket-ibfrxpizxb","parentfield":"add_ons","parenttype":"Airplane Ticket","idx":1,"__unedited":false,"item":"food"},{"docstatus":0,"doctype":"Airplane Ticket Add-on Item","name":"new-airplane-ticket-add-on-item-xxjtgawmdj","__islocal":1,"__unsaved":1,"owner":"Administrator","parent":"new-airplane-ticket-ibfrxpizxb","parentfield":"add_ons","parenttype":"Airplane Ticket","idx":2,"__unedited":false,"item":"food"}],"status":"Booked","passenger":1,"source_airport_code":"NGP","destination_airport_code":"MUB","departure_date":"2024-09-27","departure_time":"19:18:46","duration_of_flight":3600,"flight":"indogo-001-09-2024-00007","flight_price":5000}', 'action': 'Save', 'cmd': 'frappe.desk.form.save.savedocs'}
2024-09-27 11:06:16,246 ERROR frappe New Exception collected in error log
Site: airplane_mode.com
Form Dict: {'doc': '{"docstatus":0,"doctype":"Airplane Ticket","name":"new-airplane-ticket-rlgabtrmqc","__islocal":1,"__unsaved":1,"owner":"Administrator","add_ons":[{"docstatus":0,"doctype":"Airplane Ticket Add-on Item","name":"new-airplane-ticket-add-on-item-qmvzpxeupt","__islocal":1,"__unsaved":1,"owner":"Administrator","parent":"new-airplane-ticket-rlgabtrmqc","parentfield":"add_ons","parenttype":"Airplane Ticket","idx":1,"__unedited":false,"item":"food"},{"docstatus":0,"doctype":"Airplane Ticket Add-on Item","name":"new-airplane-ticket-add-on-item-viogaluzrp","__islocal":1,"__unsaved":1,"owner":"Administrator","parent":"new-airplane-ticket-rlgabtrmqc","parentfield":"add_ons","parenttype":"Airplane Ticket","idx":2,"__unedited":false,"item":"food"}],"status":"Booked","passenger":1,"source_airport_code":"NGP","destination_airport_code":"MUB","departure_date":"2024-09-27","departure_time":"19:18:46","duration_of_flight":3600,"flight":"indogo-001-09-2024-00007","flight_price":6000}', 'action': 'Save', 'cmd': 'frappe.desk.form.save.savedocs'}
2024-09-27 11:07:39,288 ERROR frappe New Exception collected in error log
Site: airplane_mode.com
Form Dict: {'doc': '{"docstatus":0,"doctype":"Airplane Ticket","name":"new-airplane-ticket-hslpflrpmt","__islocal":1,"__unsaved":1,"owner":"Administrator","add_ons":[{"docstatus":0,"doctype":"Airplane Ticket Add-on Item","name":"new-airplane-ticket-add-on-item-qxjnmdavtx","__islocal":1,"__unsaved":1,"owner":"Administrator","parent":"new-airplane-ticket-hslpflrpmt","parentfield":"add_ons","parenttype":"Airplane Ticket","idx":1,"__unedited":false,"item":"food"},{"docstatus":0,"doctype":"Airplane Ticket Add-on Item","name":"new-airplane-ticket-add-on-item-ztvmofsorj","__islocal":1,"__unsaved":1,"owner":"Administrator","parent":"new-airplane-ticket-hslpflrpmt","parentfield":"add_ons","parenttype":"Airplane Ticket","idx":2,"__unedited":false,"item":"food"}],"status":"Booked","passenger":1,"source_airport_code":"NGP","destination_airport_code":"MUB","departure_date":"2024-09-27","departure_time":"19:18:46","duration_of_flight":3600,"flight":"indogo-001-09-2024-00007","flight_price":6000}', 'action': 'Save', 'cmd': 'frappe.desk.form.save.savedocs'}
2024-09-27 11:11:57,029 ERROR frappe New Exception collected in error log
Site: airplane_mode.com
Form Dict: {'doc': '{"docstatus":0,"doctype":"Airplane Ticket","name":"new-airplane-ticket-hslpflrpmt","__islocal":1,"__unsaved":1,"owner":"Administrator","add_ons":[{"docstatus":0,"doctype":"Airplane Ticket Add-on Item","name":"new-airplane-ticket-add-on-item-qxjnmdavtx","__islocal":1,"__unsaved":1,"owner":"Administrator","parent":"new-airplane-ticket-hslpflrpmt","parentfield":"add_ons","parenttype":"Airplane Ticket","idx":1,"__unedited":false,"item":"food"},{"docstatus":0,"doctype":"Airplane Ticket Add-on Item","name":"new-airplane-ticket-add-on-item-ztvmofsorj","__islocal":1,"__unsaved":1,"owner":"Administrator","parent":"new-airplane-ticket-hslpflrpmt","parentfield":"add_ons","parenttype":"Airplane Ticket","idx":2,"__unedited":false,"item":"food"}],"status":"Booked","passenger":1,"source_airport_code":"NGP","destination_airport_code":"MUB","departure_date":"2024-09-27","departure_time":"19:18:46","duration_of_flight":3600,"flight":"indogo-001-09-2024-00007","flight_price":6000}', 'action': 'Save', 'cmd': 'frappe.desk.form.save.savedocs'}
2024-09-27 11:14:18,127 ERROR frappe New Exception collected in error log
Site: airplane_mode.com
Form Dict: {'doc': '{"docstatus":0,"doctype":"Airplane Ticket","name":"new-airplane-ticket-uscbrcqbjx","__islocal":1,"__unsaved":1,"owner":"Administrator","add_ons":[{"docstatus":0,"doctype":"Airplane Ticket Add-on Item","name":"new-airplane-ticket-add-on-item-edrsbleker","__islocal":1,"__unsaved":1,"owner":"Administrator","parent":"new-airplane-ticket-uscbrcqbjx","parentfield":"add_ons","parenttype":"Airplane Ticket","idx":1,"__unedited":false,"item":"food"},{"docstatus":0,"doctype":"Airplane Ticket Add-on Item","name":"new-airplane-ticket-add-on-item-kcimkduwhd","__islocal":1,"__unsaved":1,"owner":"Administrator","parent":"new-airplane-ticket-uscbrcqbjx","parentfield":"add_ons","parenttype":"Airplane Ticket","idx":2,"__unedited":false,"item":"food"}],"status":"Booked","passenger":1,"source_airport_code":"NGP","destination_airport_code":"MUB","departure_date":"2024-09-27","departure_time":"19:18:46","duration_of_flight":3600,"flight":"indogo-001-09-2024-00007","flight_price":6000}', 'action': 'Save', 'cmd': 'frappe.desk.form.save.savedocs'}
2024-09-27 11:15:18,958 ERROR frappe New Exception collected in error log
Site: airplane_mode.com
Form Dict: {'doc': '{"docstatus":0,"doctype":"Airplane Ticket","name":"new-airplane-ticket-jhncjdkqwk","__islocal":1,"__unsaved":1,"owner":"Administrator","add_ons":[{"docstatus":0,"doctype":"Airplane Ticket Add-on Item","name":"new-airplane-ticket-add-on-item-mznnkqullu","__islocal":1,"__unsaved":1,"owner":"Administrator","parent":"new-airplane-ticket-jhncjdkqwk","parentfield":"add_ons","parenttype":"Airplane Ticket","idx":1,"__unedited":false,"item":"food"}],"status":"Booked","passenger":1,"source_airport_code":"NGP","destination_airport_code":"MUB","departure_date":"2024-09-27","departure_time":"19:18:46","duration_of_flight":3600,"flight":"indogo-001-09-2024-00007","flight_price":6000}', 'action': 'Save', 'cmd': 'frappe.desk.form.save.savedocs'}
2024-09-27 11:17:25,508 ERROR frappe New Exception collected in error log
Site: airplane_mode.com
Form Dict: {'doc': '{"docstatus":0,"doctype":"Airplane Ticket","name":"new-airplane-ticket-gswunbzwfm","__islocal":1,"__unsaved":1,"owner":"Administrator","add_ons":[],"status":"Booked","passenger":1,"source_airport_code":"NGP","destination_airport_code":"MUB","departure_date":"2024-09-27","departure_time":"19:18:46","duration_of_flight":3600,"flight":"indogo-001-09-2024-00007","flight_price":600}', 'action': 'Save', 'cmd': 'frappe.desk.form.save.savedocs'}
2024-09-27 11:18:43,918 ERROR frappe New Exception collected in error log
Site: airplane_mode.com
Form Dict: {'doc': '{"docstatus":0,"doctype":"Airplane Ticket","name":"new-airplane-ticket-guuuhbcjfl","__islocal":1,"__unsaved":1,"owner":"Administrator","add_ons":[],"status":"Booked","passenger":1,"source_airport_code":"NGP","destination_airport_code":"MUB","departure_date":"2024-09-27","departure_time":"19:18:46","duration_of_flight":3600,"flight":"indogo-001-09-2024-00007","flight_price":700}', 'action': 'Save', 'cmd': 'frappe.desk.form.save.savedocs'}
2024-09-27 11:28:26,809 ERROR frappe New Exception collected in error log
Site: airplane_mode.com
Form Dict: {'doc': '{"docstatus":0,"doctype":"Airplane Ticket","name":"new-airplane-ticket-bkvxlqifxx","__islocal":1,"__unsaved":1,"owner":"Administrator","add_ons":[{"docstatus":0,"doctype":"Airplane Ticket Add-on Item","name":"new-airplane-ticket-add-on-item-ykctjkcsad","__islocal":1,"__unsaved":1,"owner":"Administrator","parent":"new-airplane-ticket-bkvxlqifxx","parentfield":"add_ons","parenttype":"Airplane Ticket","idx":1,"__unedited":false,"item":"food"},{"docstatus":0,"doctype":"Airplane Ticket Add-on Item","name":"new-airplane-ticket-add-on-item-xkbsbgtxui","__islocal":1,"__unsaved":1,"owner":"Administrator","parent":"new-airplane-ticket-bkvxlqifxx","parentfield":"add_ons","parenttype":"Airplane Ticket","idx":2,"__unedited":false,"item":"food"}],"status":"Booked","passenger":1,"source_airport_code":"NGP","destination_airport_code":"MUB","departure_date":"2024-09-27","departure_time":"19:18:46","duration_of_flight":3600,"flight":"indogo-001-09-2024-00007","flight_price":6000}', 'action': 'Save', 'cmd': 'frappe.desk.form.save.savedocs'}
2024-09-27 11:32:37,159 ERROR frappe New Exception collected in error log
Site: airplane_mode.com
Form Dict: {'doc': '{"docstatus":0,"doctype":"Airplane Ticket","name":"new-airplane-ticket-bfxnjmgkbl","__islocal":1,"__unsaved":1,"owner":"Administrator","add_ons":[{"docstatus":0,"doctype":"Airplane Ticket Add-on Item","name":"new-airplane-ticket-add-on-item-hkfawudeto","__islocal":1,"__unsaved":1,"owner":"Administrator","parent":"new-airplane-ticket-bfxnjmgkbl","parentfield":"add_ons","parenttype":"Airplane Ticket","idx":1,"__unedited":false,"item":"food"},{"docstatus":0,"doctype":"Airplane Ticket Add-on Item","name":"new-airplane-ticket-add-on-item-zvknxfykpl","__islocal":1,"__unsaved":1,"owner":"Administrator","parent":"new-airplane-ticket-bfxnjmgkbl","parentfield":"add_ons","parenttype":"Airplane Ticket","idx":2,"__unedited":false,"item":"food"}],"status":"Booked","passenger":1,"source_airport_code":"NGP","destination_airport_code":"MUB","departure_date":"2024-09-27","departure_time":"19:18:46","duration_of_flight":3600,"flight":"indogo-001-09-2024-00007","flight_price":6000}', 'action': 'Save', 'cmd': 'frappe.desk.form.save.savedocs'}
2024-09-27 11:33:06,528 ERROR frappe New Exception collected in error log
Site: airplane_mode.com
Form Dict: {'doc': '{"docstatus":0,"doctype":"Airplane Ticket","name":"new-airplane-ticket-bfxnjmgkbl","__islocal":1,"__unsaved":1,"owner":"Administrator","add_ons":[{"docstatus":0,"doctype":"Airplane Ticket Add-on Item","name":"new-airplane-ticket-add-on-item-hkfawudeto","__islocal":1,"__unsaved":1,"owner":"Administrator","parent":"new-airplane-ticket-bfxnjmgkbl","parentfield":"add_ons","parenttype":"Airplane Ticket","idx":1,"__unedited":false,"item":"food"}],"status":"Booked","passenger":1,"source_airport_code":"NGP","destination_airport_code":"MUB","departure_date":"2024-09-27","departure_time":"19:18:46","duration_of_flight":3600,"flight":"indogo-001-09-2024-00007","flight_price":6000}', 'action': 'Save', 'cmd': 'frappe.desk.form.save.savedocs'}
2024-09-27 11:35:20,155 ERROR frappe New Exception collected in error log
Site: airplane_mode.com
Form Dict: {'doc': '{"docstatus":0,"doctype":"Airplane Ticket","name":"new-airplane-ticket-npnktonsgx","__islocal":1,"__unsaved":1,"owner":"Administrator","add_ons":[{"docstatus":0,"doctype":"Airplane Ticket Add-on Item","name":"new-airplane-ticket-add-on-item-usabiukdem","__islocal":1,"__unsaved":1,"owner":"Administrator","parent":"new-airplane-ticket-npnktonsgx","parentfield":"add_ons","parenttype":"Airplane Ticket","idx":1,"__unedited":false,"item":"food"},{"docstatus":0,"doctype":"Airplane Ticket Add-on Item","name":"new-airplane-ticket-add-on-item-hnptevwppr","__islocal":1,"__unsaved":1,"owner":"Administrator","parent":"new-airplane-ticket-npnktonsgx","parentfield":"add_ons","parenttype":"Airplane Ticket","idx":2,"__unedited":false,"item":"food"}],"status":"Booked","passenger":1,"source_airport_code":"NGP","destination_airport_code":"MUB","departure_date":"2024-09-27","departure_time":"19:18:46","duration_of_flight":3600,"flight":"indogo-001-09-2024-00007","flight_price":6000}', 'action': 'Save', 'cmd': 'frappe.desk.form.save.savedocs'}
2024-09-27 11:37:41,766 ERROR frappe New Exception collected in error log
Site: airplane_mode.com
Form Dict: {'doc': '{"docstatus":0,"doctype":"Airplane Ticket","name":"new-airplane-ticket-gizobhfblw","__islocal":1,"__unsaved":1,"owner":"Administrator","add_ons":[{"docstatus":0,"doctype":"Airplane Ticket Add-on Item","name":"new-airplane-ticket-add-on-item-jbgnkirfdl","__islocal":1,"__unsaved":1,"owner":"Administrator","parent":"new-airplane-ticket-gizobhfblw","parentfield":"add_ons","parenttype":"Airplane Ticket","idx":1,"__unedited":false,"item":"food"}],"status":"Booked","passenger":1,"source_airport_code":"NGP","destination_airport_code":"MUB","departure_date":"2024-09-27","departure_time":"19:18:46","duration_of_flight":3600,"flight":"indogo-001-09-2024-00007","flight_price":6000}', 'action': 'Save', 'cmd': 'frappe.desk.form.save.savedocs'}
2024-09-27 11:49:09,572 ERROR frappe New Exception collected in error log
Site: airplane_mode.com
Form Dict: {'doc': '{"docstatus":0,"doctype":"Airplane Ticket","name":"new-airplane-ticket-szaoefgzkb","__islocal":1,"__unsaved":1,"owner":"Administrator","add_ons":[{"docstatus":0,"doctype":"Airplane Ticket Add-on Item","name":"new-airplane-ticket-add-on-item-jdamlxfbhd","__islocal":1,"__unsaved":1,"owner":"Administrator","parent":"new-airplane-ticket-szaoefgzkb","parentfield":"add_ons","parenttype":"Airplane Ticket","idx":1,"__unedited":false,"item":"food"}],"status":"Booked","passenger":1,"source_airport_code":"NGP","destination_airport_code":"MUB","departure_date":"2024-09-27","departure_time":"19:18:46","duration_of_flight":3600,"flight":"indogo-001-09-2024-00007","flight_price":6000}', 'action': 'Save', 'cmd': 'frappe.desk.form.save.savedocs'}
2024-09-27 12:09:22,685 ERROR frappe New Exception collected in error log
Site: airplane_mode.com
Form Dict: {'doc': '{"docstatus":0,"doctype":"Airplane Ticket","name":"new-airplane-ticket-revyzgjqfi","__islocal":1,"__unsaved":1,"owner":"Administrator","add_ons":[{"docstatus":0,"doctype":"Airplane Ticket Add-on Item","name":"new-airplane-ticket-add-on-item-pbdybaldnx","__islocal":1,"__unsaved":1,"owner":"Administrator","parent":"new-airplane-ticket-revyzgjqfi","parentfield":"add_ons","parenttype":"Airplane Ticket","idx":1,"__unedited":false,"item":"food"}],"status":"Booked","passenger":1,"source_airport_code":"NGP","destination_airport_code":"MUB","departure_date":"2024-09-27","departure_time":"19:18:46","duration_of_flight":3600,"flight":"indogo-001-09-2024-00007","flight_price":500}', 'action': 'Save', 'cmd': 'frappe.desk.form.save.savedocs'}
2024-09-27 19:37:47,200 ERROR frappe New Exception collected in error log
Site: airplane_mode.com
Form Dict: {'doc': '{"docstatus":0,"doctype":"Airplane Ticket","name":"new-airplane-ticket-sdkvoijmtb","__islocal":1,"__unsaved":1,"owner":"Administrator","add_ons":[{"docstatus":0,"doctype":"Airplane Ticket Add-on Item","name":"new-airplane-ticket-add-on-item-npcgfubtdh","__islocal":1,"__unsaved":1,"owner":"Administrator","parent":"new-airplane-ticket-sdkvoijmtb","parentfield":"add_ons","parenttype":"Airplane Ticket","idx":1,"__unedited":false,"item":"food"}],"status":"Booked","passenger":1,"source_airport_code":"NGP","destination_airport_code":"MUB","departure_date":"2024-09-27","departure_time":"19:18:46","duration_of_flight":3600,"flight":"indogo-001-09-2024-00007","flight_price":6000}', 'action': 'Save', 'cmd': 'frappe.desk.form.save.savedocs'}
2024-09-27 19:46:03,775 ERROR frappe New Exception collected in error log
Site: airplane_mode.com
Form Dict: {'doc': '{"docstatus":0,"doctype":"Airplane Ticket","name":"new-airplane-ticket-crhfajtpit","__islocal":1,"__unsaved":1,"owner":"Administrator","add_ons":[{"docstatus":0,"doctype":"Airplane Ticket Add-on Item","name":"new-airplane-ticket-add-on-item-qpzkjuwsjf","__islocal":1,"__unsaved":1,"owner":"Administrator","parent":"new-airplane-ticket-crhfajtpit","parentfield":"add_ons","parenttype":"Airplane Ticket","idx":1,"__unedited":false,"item":"food"}],"status":"Booked","passenger":1,"source_airport_code":"NGP","destination_airport_code":"MUB","departure_date":"2024-09-27","departure_time":"19:18:46","duration_of_flight":3600,"flight":"indogo-001-09-2024-00007","flight_price":6000}', 'action': 'Save', 'cmd': 'frappe.desk.form.save.savedocs'}
2024-09-27 19:58:21,886 ERROR frappe New Exception collected in error log
Site: airplane_mode.com
Form Dict: {'doc': '{"docstatus":0,"doctype":"Airplane Ticket","name":"new-airplane-ticket-zyhifdynuu","__islocal":1,"__unsaved":1,"owner":"Administrator","add_ons":[{"docstatus":0,"doctype":"Airplane Ticket Add-on Item","name":"new-airplane-ticket-add-on-item-bpmluzjgdp","__islocal":1,"__unsaved":1,"owner":"Administrator","parent":"new-airplane-ticket-zyhifdynuu","parentfield":"add_ons","parenttype":"Airplane Ticket","idx":1,"__unedited":false,"item":"food"}],"status":"Booked","passenger":1,"source_airport_code":"NGP","destination_airport_code":"MUB","departure_date":"2024-09-27","departure_time":"19:18:46","duration_of_flight":3600,"flight":"indogo-001-09-2024-00007","flight_price":6000}', 'action': 'Save', 'cmd': 'frappe.desk.form.save.savedocs'}
2024-09-27 20:04:19,023 ERROR frappe New Exception collected in error log
Site: airplane_mode.com
Form Dict: {'doc': '{"docstatus":0,"doctype":"Airplane Ticket","name":"new-airplane-ticket-kilhkffxki","__islocal":1,"__unsaved":1,"owner":"Administrator","add_ons":[{"docstatus":0,"doctype":"Airplane Ticket Add-on Item","name":"new-airplane-ticket-add-on-item-rkmrfflswl","__islocal":1,"__unsaved":1,"owner":"Administrator","parent":"new-airplane-ticket-kilhkffxki","parentfield":"add_ons","parenttype":"Airplane Ticket","idx":1,"__unedited":false,"item":"food"}],"status":"Booked","passenger":1,"source_airport_code":"NGP","destination_airport_code":"MUB","departure_date":"2024-09-27","departure_time":"19:18:46","duration_of_flight":3600,"flight":"indogo-001-09-2024-00007","flight_price":600}', 'action': 'Save', 'cmd': 'frappe.desk.form.save.savedocs'}
2024-09-28 02:37:10,656 ERROR frappe New Exception collected in error log
Site: airplane_mode.com
Form Dict: {'doc': '{"docstatus":0,"doctype":"Airplane Ticket","name":"new-airplane-ticket-urkzamdyqz","__islocal":1,"__unsaved":1,"owner":"Administrator","add_ons":[{"docstatus":0,"doctype":"Airplane Ticket Add-on Item","name":"new-airplane-ticket-add-on-item-aduivkmobs","__islocal":1,"__unsaved":1,"owner":"Administrator","parent":"new-airplane-ticket-urkzamdyqz","parentfield":"add_ons","parenttype":"Airplane Ticket","idx":1,"__unedited":false,"item":"food"},{"docstatus":0,"doctype":"Airplane Ticket Add-on Item","name":"new-airplane-ticket-add-on-item-ynjvnzzsin","__islocal":1,"__unsaved":1,"owner":"Administrator","parent":"new-airplane-ticket-urkzamdyqz","parentfield":"add_ons","parenttype":"Airplane Ticket","idx":2,"__unedited":false,"item":"food"},{"docstatus":0,"doctype":"Airplane Ticket Add-on Item","name":"new-airplane-ticket-add-on-item-tfmlfpmzas","__islocal":1,"__unsaved":1,"owner":"Administrator","parent":"new-airplane-ticket-urkzamdyqz","parentfield":"add_ons","parenttype":"Airplane Ticket","idx":3,"__unedited":false,"item":"food"},{"docstatus":0,"doctype":"Airplane Ticket Add-on Item","name":"new-airplane-ticket-add-on-item-qkbyawyulr","__islocal":1,"__unsaved":1,"owner":"Administrator","parent":"new-airplane-ticket-urkzamdyqz","parentfield":"add_ons","parenttype":"Airplane Ticket","idx":4,"__unedited":false,"item":"food"}],"status":"Booked","passenger":4,"source_airport_code":"NGP","destination_airport_code":"MUB","departure_date":"2024-09-27","departure_time":"19:18:46","duration_of_flight":3600,"flight":"indogo-001-09-2024-00007","flight_price":700}', 'action': 'Save', 'cmd': 'frappe.desk.form.save.savedocs'}
2024-09-28 02:50:48,246 ERROR frappe New Exception collected in error log
Site: airplane_mode.com
Form Dict: {'doc': '{"docstatus":0,"doctype":"Airplane Ticket","name":"new-airplane-ticket-ujvjhdukli","__islocal":1,"__unsaved":1,"owner":"Administrator","add_ons":[{"docstatus":0,"doctype":"Airplane Ticket Add-on Item","name":"new-airplane-ticket-add-on-item-tjbomotyic","__islocal":1,"__unsaved":1,"owner":"Administrator","parent":"new-airplane-ticket-ujvjhdukli","parentfield":"add_ons","parenttype":"Airplane Ticket","idx":1,"__unedited":false,"item":"food"}],"status":"Booked","passenger":4,"source_airport_code":"NGP","destination_airport_code":"MUB","departure_date":"2024-09-27","departure_time":"19:18:46","duration_of_flight":3600,"flight":"indogo-001-09-2024-00007","flight_price":500}', 'action': 'Save', 'cmd': 'frappe.desk.form.save.savedocs'}
2024-10-24 23:59:39,021 ERROR frappe New Exception collected in error log
Site: airplane_mode.com
Form Dict: {'barcode_format': 'qrcode', 'barcode_value': 'د.إ 44,000.00', 'options': '{"background":"#ffffff","quiet_zone":1,"module_color":"#000000"}', 'height': '80', 'cmd': 'print_designer.print_designer.page.print_designer.print_designer.get_barcode'}
2024-10-24 23:59:39,021 ERROR frappe New Exception collected in error log
Site: airplane_mode.com
Form Dict: {'barcode_format': 'qrcode', 'barcode_value': 'د.إ 44,000.00', 'options': '{"background":"#ffffff","quiet_zone":1,"module_color":"#000000"}', 'height': '80', 'cmd': 'print_designer.print_designer.page.print_designer.print_designer.get_barcode'}
2024-10-24 23:59:39,022 ERROR frappe New Exception collected in error log
Site: airplane_mode.com
Form Dict: {'barcode_format': 'qrcode', 'barcode_value': 'د.إ 44,000.00', 'options': '{"background":"#ffffff","quiet_zone":1,"module_color":"#000000"}', 'height': '80', 'cmd': 'print_designer.print_designer.page.print_designer.print_designer.get_barcode'}
2024-10-24 23:59:39,022 ERROR frappe New Exception collected in error log
Site: airplane_mode.com
Form Dict: {'barcode_format': 'qrcode', 'barcode_value': 'د.إ 44,000.00', 'options': '{"background":"#ffffff","quiet_zone":1,"module_color":"#000000"}', 'height': '80', 'cmd': 'print_designer.print_designer.page.print_designer.print_designer.get_barcode'}
2024-10-25 00:15:29,478 ERROR frappe New Exception collected in error log
Site: airplane_mode.com
Form Dict: {'barcode_format': 'qrcode', 'options': '{"background":"#ffffff","quiet_zone":1,"module_color":"#000000"}', 'height': '80', 'cmd': 'print_designer.print_designer.page.print_designer.print_designer.get_barcode'}
2024-10-25 00:15:29,478 ERROR frappe New Exception collected in error log
Site: airplane_mode.com
Form Dict: {'barcode_format': 'qrcode', 'options': '{"background":"#ffffff","quiet_zone":1,"module_color":"#000000"}', 'height': '80', 'cmd': 'print_designer.print_designer.page.print_designer.print_designer.get_barcode'}
2024-10-27 02:49:21,507 ERROR frappe New Exception collected in error log
Site: airplane_mode.com
Form Dict: {}
2024-10-27 02:49:21,627 ERROR frappe New Exception collected in error log
Site: airplane_mode.com
Form Dict: {}
2024-10-27 02:49:33,780 ERROR frappe New Exception collected in error log
Site: airplane_mode.com
Form Dict: {}
2024-10-27 02:49:33,972 ERROR frappe New Exception collected in error log
Site: airplane_mode.com
Form Dict: {}
